CRITICAL - 2023-11-09 13:08:39 --> Invalid file: "Myth\Auth\Views\_message_block.php"
in SYSTEMPATH\Exceptions\FrameworkException.php on line 39.
 1 SYSTEMPATH\View\View.php(214): CodeIgniter\Exceptions\FrameworkException::forInvalidFile('Myth\\Auth\\Views\\_message_block.php')
 2 SYSTEMPATH\Common.php(1188): CodeIgniter\View\View->render('Myth\\Auth\\Views\\_message_block', [], true)
 3 APPPATH\Views\auth\login.php(10): view('Myth\\Auth\\Views\\_message_block')
 4 SYSTEMPATH\View\View.php(226): include('C:\\xampp\\htdocs\\project-ppdb-online\\app\\Views\\auth\\login.php')
 5 SYSTEMPATH\View\View.php(229): CodeIgniter\View\View->CodeIgniter\View\{closure}()
 6 SYSTEMPATH\Common.php(1188): CodeIgniter\View\View->render('auth/login', [], true)
 7 APPPATH\Controllers\Home.php(9): view('auth/login')
 8 SYSTEMPATH\CodeIgniter.php(919): App\Controllers\Home->index()
 9 SYSTEMPATH\CodeIgniter.php(494): CodeIgniter\CodeIgniter->runController(Object(App\Controllers\Home))
10 SYSTEMPATH\CodeIgniter.php(353): CodeIgniter\CodeIgniter->handleRequest(null, Object(Config\Cache), false)
11 FCPATH\index.php(79): CodeIgniter\CodeIgniter->run()
12 SYSTEMPATH\Commands\Server\rewrite.php(47): require_once('C:\\xampp\\htdocs\\project-ppdb-online\\public\\index.php')
CRITICAL - 2023-11-09 13:09:06 --> The route for "login" cannot be found.
in SYSTEMPATH\Helpers\url_helper.php on line 487.
 1 SYSTEMPATH\Helpers\url_helper.php(487): CodeIgniter\Router\Exceptions\RouterException::forInvalidRoute('login')
 2 APPPATH\Views\auth\login.php(11): url_to('login')
 3 SYSTEMPATH\View\View.php(226): include('C:\\xampp\\htdocs\\project-ppdb-online\\app\\Views\\auth\\login.php')
 4 SYSTEMPATH\View\View.php(229): CodeIgniter\View\View->CodeIgniter\View\{closure}()
 5 SYSTEMPATH\Common.php(1188): CodeIgniter\View\View->render('auth/login', [], true)
 6 APPPATH\Controllers\Home.php(9): view('auth/login')
 7 SYSTEMPATH\CodeIgniter.php(919): App\Controllers\Home->index()
 8 SYSTEMPATH\CodeIgniter.php(494): CodeIgniter\CodeIgniter->runController(Object(App\Controllers\Home))
 9 SYSTEMPATH\CodeIgniter.php(353): CodeIgniter\CodeIgniter->handleRequest(null, Object(Config\Cache), false)
10 FCPATH\index.php(79): CodeIgniter\CodeIgniter->run()
11 SYSTEMPATH\Commands\Server\rewrite.php(47): require_once('C:\\xampp\\htdocs\\project-ppdb-online\\public\\index.php')
INFO - 2023-11-09 13:10:35 --> Session: Class initialized using 'CodeIgniter\Session\Handlers\FileHandler' driver.
